
dpad_down.png
"down,0.21606118546845123896,0.68333333333333334814,radial,0.06118546845124282763,0.04247311827956989222"

dpad_left.png
"left,0.12906309751434033584,0.63440860215053762605,radial,0.07552581261950286340,0.03440860215053763438"

dpad_right.png
"right,0.30305927342256211432,0.63440860215053762605,radial,0.07552581261950286340,0.03440860215053763438"

dpad_up.png
"up,0.21606118546845123896,0.58548387096774190397,radial,0.06118546845124282763,0.04247311827956989222"


down_aux
"down,0.21606118546845123896,0.70456989247311829772,rect,0.06118546845124282763,0.02123655913978494611"

left_aux
"left,0.09130019120458890414,0.63440860215053762605,rect,0.03776290630975143170,0.03440860215053763438"

right_aux
"right,0.34082217973231360153,0.63440860215053762605,rect,0.03776290630975143170,0.03440860215053763438"

up_aux
"up,0.21606118546845123896,0.56424731182795695439,rect,0.06118546845124282763,0.02123655913978494611"


down_left
"down|left,0.09655831739961759363,0.70161290322580649459,rect,0.04302103250478011426,0.02419354838709677352"

down_right
"down|right,0.33556405353728491203,0.70161290322580649459,rect,0.04302103250478011426,0.02419354838709677352"

up_left
"up|left,0.09655831739961759363,0.56720430107526886854,rect,0.04302103250478011426,0.02419354838709677352"

up_right
"up|right,0.33556405353728491203,0.56720430107526886854,rect,0.04302103250478011426,0.02419354838709677352"


button_a.png
"a,0.88527724665391971381,0.63440860215053762605,radial,0.06118546845124282763,0.03440860215053763438"

button_b.png
"b,0.78393881453154878880,0.69139784946236559904,radial,0.06118546845124282763,0.03440860215053763438"

button_x.png
"x,0.78393881453154878880,0.57741935483870965307,radial,0.06118546845124282763,0.03440860215053763438"

button_y.png
"y,0.68260038240917786379,0.63440860215053762605,radial,0.06118546845124282763,0.03440860215053763438"


button_select.png
"select,0.40057361376673039643,0.78172043010752689796,rect,0.05353728489483747938,0.02150537634408602322"

button_start.png
"start,0.59942638623326960357,0.78172043010752689796,rect,0.05353728489483747938,0.02150537634408602322"


button_l1.png
"l,0.06883365200764818281,0.78602150537634407623,rect,0.05353728489483747938,0.02580645161290322578"

button_l2.png
"l2,0.20650095602294454844,0.83763440860215054862,rect,0.05353728489483747938,0.02580645161290322578"

button_l3.png
"l3,0.34416826003824091407,0.88924731182795702100,rect,0.05353728489483747938,0.02580645161290322578"

button_r1.png
"r,0.93116634799235176168,0.78602150537634407623,rect,0.05353728489483747938,0.02580645161290322578"

button_r2.png
"r2,0.79349904397705539605,0.83763440860215054862,rect,0.05353728489483747938,0.02580645161290322578"

button_r3.png
"r3,0.65583173996175903042,0.88924731182795702100,rect,0.05353728489483747938,0.02580645161290322578"


hotkey_analog.png
"overlay_next,0.05353728489483747938,0.89354838709677419928,radial,0.03824091778202676900,0.02150537634408602322"

hotkey_fast_forward.png
"toggle_fast_forward,0.94646271510516255532,0.89354838709677419928,radial,0.03824091778202676900,0.02150537634408602322"

hotkey_hide.png
"overlay_next,0.94646271510516255532,0.96989247311827953002,radial,0.03824091778202676900,0.02150537634408602322"

hotkey_menu.png
"menu_toggle,0.53824091778202676206,0.56451612903225811824,radial,0.03824091778202676900,0.02150537634408602322"


rotate
"overlay_next,0.50000000000000000000,0.02473118279569892428,radial,0.03824091778202676900,0.02150537634408602322"


analog_bg.png
"nul,0.21606118546845123896,0.63440860215053762605,radial,0.15487571701720842521,0.08709677419354838745"

analog_stick.png
"analog_left,0.21606118546845123896,0.63440860215053762605,radial,0.08986615678776291305,0.05053763440860215006"


hotkey_digital.png
"overlay_next,0.05353728489483747938,0.89354838709677419928,radial,0.03824091778202676900,0.02150537634408602322"


hotkey_show.png
"overlay_next,0.94646271510516255532,0.96989247311827953002,radial,0.03824091778202676900,0.02150537634408602322"

