

times in msec
 clock   self+sourced   self:  sourced script
 clock   elapsed:              other lines

000.011  000.011: --- NVIM STARTING ---
001.397  001.386: locale set
002.203  000.806: inits 1
002.239  000.036: window checked
007.061  004.822: parsing arguments
007.503  000.443: expanding arguments
007.565  000.062: inits 2
008.158  000.593: init highlight
008.161  000.002: waiting for UI
012.766  004.606: done waiting for UI
012.789  000.022: initialized screen early for UI
014.545  001.300  001.300: sourcing /Users/shauryasingh/.config/nvim/init.lua
014.585  000.497: sourcing vimrc file(s)
022.956  008.198  008.198: sourcing /opt/homebrew/Cellar/neovim/HEAD-6f48c01/share/nvim/runtime/filetype.vim
023.459  000.045  000.045: sourcing /opt/homebrew/Cellar/neovim/HEAD-6f48c01/share/nvim/runtime/ftplugin.vim
023.946  000.038  000.038: sourcing /opt/homebrew/Cellar/neovim/HEAD-6f48c01/share/nvim/runtime/indent.vim
024.951  000.310  000.310: sourcing /opt/homebrew/Cellar/neovim/HEAD-6f48c01/share/nvim/runtime/syntax/syncolor.vim
025.404  000.905  000.595: sourcing /opt/homebrew/Cellar/neovim/HEAD-6f48c01/share/nvim/runtime/syntax/synload.vim
025.496  001.140  000.236: sourcing /opt/homebrew/Cellar/neovim/HEAD-6f48c01/share/nvim/runtime/syntax/syntax.vim
026.861  000.023  000.023: sourcing /opt/homebrew/Cellar/neovim/HEAD-6f48c01/share/nvim/runtime/plugin/gzip.vim
026.954  000.021  000.021: sourcing /opt/homebrew/Cellar/neovim/HEAD-6f48c01/share/nvim/runtime/plugin/health.vim
027.098  000.070  000.070: sourcing /opt/homebrew/Cellar/neovim/HEAD-6f48c01/share/nvim/runtime/plugin/man.vim
027.197  000.022  000.022: sourcing /opt/homebrew/Cellar/neovim/HEAD-6f48c01/share/nvim/runtime/plugin/matchit.vim
027.458  000.191  000.191: sourcing /opt/homebrew/Cellar/neovim/HEAD-6f48c01/share/nvim/runtime/plugin/matchparen.vim
027.564  000.032  000.032: sourcing /opt/homebrew/Cellar/neovim/HEAD-6f48c01/share/nvim/runtime/plugin/netrwPlugin.vim
027.898  000.017  000.017: sourcing /Users/shauryasingh/.local/share/nvim/rplugin.vim
027.908  000.273  000.257: sourcing /opt/homebrew/Cellar/neovim/HEAD-6f48c01/share/nvim/runtime/plugin/rplugin.vim
028.085  000.108  000.108: sourcing /opt/homebrew/Cellar/neovim/HEAD-6f48c01/share/nvim/runtime/plugin/shada.vim
028.215  000.025  000.025: sourcing /opt/homebrew/Cellar/neovim/HEAD-6f48c01/share/nvim/runtime/plugin/spellfile.vim
028.319  000.030  000.030: sourcing /opt/homebrew/Cellar/neovim/HEAD-6f48c01/share/nvim/runtime/plugin/tarPlugin.vim
028.408  000.023  000.023: sourcing /opt/homebrew/Cellar/neovim/HEAD-6f48c01/share/nvim/runtime/plugin/tohtml.vim
028.498  000.029  000.029: sourcing /opt/homebrew/Cellar/neovim/HEAD-6f48c01/share/nvim/runtime/plugin/tutor.vim
028.608  000.029  000.029: sourcing /opt/homebrew/Cellar/neovim/HEAD-6f48c01/share/nvim/runtime/plugin/zipPlugin.vim
030.479  000.016  000.016: sourcing /Users/shauryasingh/.local/share/nvim/site/pack/packer/opt/orgmode.nvim/ftdetect/org.vim
030.562  000.017  000.017: sourcing /Users/shauryasingh/.local/share/nvim/site/pack/packer/opt/orgmode.nvim/ftdetect/org_archive.vim
030.567  001.747  001.714: sourcing /Users/shauryasingh/.config/nvim/plugin/packer_compiled.lua
031.146  004.517: loading plugins
031.392  000.245: loading packages
031.796  000.404: loading after plugins
031.806  000.011: inits 3
035.416  003.610: reading ShaDa
037.298  001.882: opening buffers
037.308  000.010: BufEnter autocommands
037.311  000.003: editing files in windows
