

times in msec
 clock   self+sourced   self:  sourced script
 clock   elapsed:              other lines

000.005  000.005: --- NVIM STARTING ---
000.565  000.560: locale set
004.507  003.942: inits 1
004.522  000.016: window checked
007.992  003.470: parsing arguments
008.246  000.253: expanding arguments
008.304  000.058: inits 2
008.772  000.469: init highlight
008.774  000.001: waiting for UI
010.735  001.961: done waiting for UI
010.746  000.011: init screen for UI
010.766  000.020: init default mappings
010.824  000.058: init default autocommands
010.843  000.019: --cmd commands
023.622  000.012  000.012: sourcing /Users/shauryasingh/.local/share/nvim/site/pack/packer/opt/which-key.nvim/plugin/which-key.vim
027.159  000.019  000.019: sourcing /Users/shauryasingh/.local/share/nvim/site/pack/packer/opt/indent-blankline.nvim/autoload/indent_blankline.vim
027.215  001.548  001.529: sourcing /Users/shauryasingh/.local/share/nvim/site/pack/packer/opt/indent-blankline.nvim/plugin/indent_blankline.vim
029.128  000.994  000.994: sourcing /Users/shauryasingh/.local/share/nvim/site/pack/packer/opt/nvim-treesitter/plugin/nvim-treesitter.vim
029.582  000.020  000.020: sourcing /Users/shauryasingh/.local/share/nvim/site/pack/packer/opt/nvim-treesitter/ftdetect/elixir.vim
029.632  000.009  000.009: sourcing /Users/shauryasingh/.local/share/nvim/site/pack/packer/opt/nvim-treesitter/ftdetect/fennel.vim
029.683  000.012  000.012: sourcing /Users/shauryasingh/.local/share/nvim/site/pack/packer/opt/nvim-treesitter/ftdetect/fish.vim
029.736  000.010  000.010: sourcing /Users/shauryasingh/.local/share/nvim/site/pack/packer/opt/nvim-treesitter/ftdetect/fusion.vim
029.787  000.011  000.011: sourcing /Users/shauryasingh/.local/share/nvim/site/pack/packer/opt/nvim-treesitter/ftdetect/gdresource.vim
029.837  000.010  000.010: sourcing /Users/shauryasingh/.local/share/nvim/site/pack/packer/opt/nvim-treesitter/ftdetect/gdscript.vim
029.884  000.009  000.009: sourcing /Users/shauryasingh/.local/share/nvim/site/pack/packer/opt/nvim-treesitter/ftdetect/glimmer.vim
029.943  000.021  000.021: sourcing /Users/shauryasingh/.local/share/nvim/site/pack/packer/opt/nvim-treesitter/ftdetect/glsl.vim
029.993  000.010  000.010: sourcing /Users/shauryasingh/.local/share/nvim/site/pack/packer/opt/nvim-treesitter/ftdetect/gomod.vim
030.045  000.013  000.013: sourcing /Users/shauryasingh/.local/share/nvim/site/pack/packer/opt/nvim-treesitter/ftdetect/graphql.vim
030.098  000.014  000.014: sourcing /Users/shauryasingh/.local/share/nvim/site/pack/packer/opt/nvim-treesitter/ftdetect/hcl.vim
030.146  000.010  000.010: sourcing /Users/shauryasingh/.local/share/nvim/site/pack/packer/opt/nvim-treesitter/ftdetect/heex.vim
030.195  000.011  000.011: sourcing /Users/shauryasingh/.local/share/nvim/site/pack/packer/opt/nvim-treesitter/ftdetect/hjson.vim
030.252  000.013  000.013: sourcing /Users/shauryasingh/.local/share/nvim/site/pack/packer/opt/nvim-treesitter/ftdetect/json5.vim
030.301  000.010  000.010: sourcing /Users/shauryasingh/.local/share/nvim/site/pack/packer/opt/nvim-treesitter/ftdetect/julia.vim
030.354  000.014  000.014: sourcing /Users/shauryasingh/.local/share/nvim/site/pack/packer/opt/nvim-treesitter/ftdetect/ledger.vim
030.403  000.011  000.011: sourcing /Users/shauryasingh/.local/share/nvim/site/pack/packer/opt/nvim-treesitter/ftdetect/nix.vim
030.452  000.011  000.011: sourcing /Users/shauryasingh/.local/share/nvim/site/pack/packer/opt/nvim-treesitter/ftdetect/prisma.vim
030.509  000.013  000.013: sourcing /Users/shauryasingh/.local/share/nvim/site/pack/packer/opt/nvim-treesitter/ftdetect/ql.vim
030.564  000.016  000.016: sourcing /Users/shauryasingh/.local/share/nvim/site/pack/packer/opt/nvim-treesitter/ftdetect/query.vim
030.614  000.011  000.011: sourcing /Users/shauryasingh/.local/share/nvim/site/pack/packer/opt/nvim-treesitter/ftdetect/surface.vim
030.663  000.011  000.011: sourcing /Users/shauryasingh/.local/share/nvim/site/pack/packer/opt/nvim-treesitter/ftdetect/teal.vim
030.722  000.014  000.014: sourcing /Users/shauryasingh/.local/share/nvim/site/pack/packer/opt/nvim-treesitter/ftdetect/tlaplus.vim
030.812  000.013  000.013: sourcing /Users/shauryasingh/.local/share/nvim/site/pack/packer/opt/nvim-treesitter/ftdetect/yang.vim
030.866  000.011  000.011: sourcing /Users/shauryasingh/.local/share/nvim/site/pack/packer/opt/nvim-treesitter/ftdetect/zig.vim
037.611  000.087  000.087: sourcing /Users/shauryasingh/.local/share/nvim/site/pack/packer/opt/nvim-ts-rainbow/plugin/rainbow.vim
038.423  000.024  000.024: sourcing /Users/shauryasingh/.local/share/nvim/site/pack/packer/opt/nvim-web-devicons/plugin/nvim-web-devicons.vim
039.515  000.235  000.235: sourcing /Users/shauryasingh/.local/share/nvim/site/pack/packer/opt/galaxyline.nvim/plugin/galaxyline.lua
040.704  000.011  000.011: sourcing /Users/shauryasingh/.local/share/nvim/site/pack/packer/opt/neorg/ftdetect/norg.vim
040.708  029.547  026.327: sourcing /Users/shauryasingh/.config/nvim/init.vim
040.711  000.321: sourcing vimrc file(s)
041.728  000.010  000.010: sourcing /Users/shauryasingh/.local/share/nvim/site/pack/packer/start/filetype.nvim/filetype.vim
041.831  000.008  000.008: sourcing /nix/store/gw49bgk9rzh363mfpd1rb08szr70yasq-neovim-unwrapped-master/share/nvim/runtime/filetype.vim
041.969  000.021  000.021: sourcing /nix/store/gw49bgk9rzh363mfpd1rb08szr70yasq-neovim-unwrapped-master/share/nvim/runtime/ftplugin.vim
042.114  000.018  000.018: sourcing /nix/store/gw49bgk9rzh363mfpd1rb08szr70yasq-neovim-unwrapped-master/share/nvim/runtime/indent.vim
042.331  000.044  000.044: sourcing /nix/store/gw49bgk9rzh363mfpd1rb08szr70yasq-neovim-unwrapped-master/share/nvim/runtime/syntax/synload.vim
042.374  000.214  000.170: sourcing /nix/store/gw49bgk9rzh363mfpd1rb08szr70yasq-neovim-unwrapped-master/share/nvim/runtime/syntax/syntax.vim
043.424  000.007  000.007: sourcing /Users/shauryasingh/.local/share/nvim/site/pack/packer/opt/nvim-web-devicons/plugin/nvim-web-devicons.vim
043.612  000.084  000.084: sourcing /Users/shauryasingh/.local/share/nvim/site/pack/packer/opt/nvim-ts-rainbow/plugin/rainbow.vim
043.727  000.010  000.010: sourcing /Users/shauryasingh/.local/share/nvim/site/pack/packer/opt/nvim-treesitter/plugin/nvim-treesitter.vim
043.843  000.010  000.010: sourcing /Users/shauryasingh/.local/share/nvim/site/pack/packer/opt/indent-blankline.nvim/plugin/indent_blankline.vim
043.977  000.009  000.009: sourcing /Users/shauryasingh/.local/share/nvim/site/pack/packer/opt/which-key.nvim/plugin/which-key.vim
044.500  000.009  000.009: sourcing /nix/store/gw49bgk9rzh363mfpd1rb08szr70yasq-neovim-unwrapped-master/share/nvim/runtime/plugin/gzip.vim
044.536  000.007  000.007: sourcing /nix/store/gw49bgk9rzh363mfpd1rb08szr70yasq-neovim-unwrapped-master/share/nvim/runtime/plugin/health.vim
044.587  000.019  000.019: sourcing /nix/store/gw49bgk9rzh363mfpd1rb08szr70yasq-neovim-unwrapped-master/share/nvim/runtime/plugin/man.vim
044.624  000.008  000.008: sourcing /nix/store/gw49bgk9rzh363mfpd1rb08szr70yasq-neovim-unwrapped-master/share/nvim/runtime/plugin/matchit.vim
044.735  000.083  000.083: sourcing /nix/store/gw49bgk9rzh363mfpd1rb08szr70yasq-neovim-unwrapped-master/share/nvim/runtime/plugin/matchparen.vim
044.776  000.011  000.011: sourcing /nix/store/gw49bgk9rzh363mfpd1rb08szr70yasq-neovim-unwrapped-master/share/nvim/runtime/plugin/netrwPlugin.vim
044.882  000.006  000.006: sourcing /nix/store/b69hrd11qa5n969shxgbh5aznkw7v20i-neovim-master/rplugin.vim
044.967  000.009  000.009: sourcing /Users/shauryasingh/.local/share/nvim/rplugin.vim
044.970  000.162  000.147: sourcing /nix/store/gw49bgk9rzh363mfpd1rb08szr70yasq-neovim-unwrapped-master/share/nvim/runtime/plugin/rplugin.vim
045.035  000.036  000.036: sourcing /nix/store/gw49bgk9rzh363mfpd1rb08szr70yasq-neovim-unwrapped-master/share/nvim/runtime/plugin/shada.vim
045.075  000.008  000.008: sourcing /nix/store/gw49bgk9rzh363mfpd1rb08szr70yasq-neovim-unwrapped-master/share/nvim/runtime/plugin/spellfile.vim
045.117  000.010  000.010: sourcing /nix/store/gw49bgk9rzh363mfpd1rb08szr70yasq-neovim-unwrapped-master/share/nvim/runtime/plugin/tarPlugin.vim
045.157  000.008  000.008: sourcing /nix/store/gw49bgk9rzh363mfpd1rb08szr70yasq-neovim-unwrapped-master/share/nvim/runtime/plugin/tohtml.vim
045.213  000.012  000.012: sourcing /nix/store/gw49bgk9rzh363mfpd1rb08szr70yasq-neovim-unwrapped-master/share/nvim/runtime/plugin/tutor.vim
045.253  000.011  000.011: sourcing /nix/store/gw49bgk9rzh363mfpd1rb08szr70yasq-neovim-unwrapped-master/share/nvim/runtime/plugin/zipPlugin.vim
045.579  000.021  000.021: sourcing /Users/shauryasingh/.local/share/nvim/site/pack/packer/opt/galaxyline.nvim/plugin/galaxyline.lua
046.328  004.822: loading rtp plugins
046.747  000.026  000.026: sourcing /Users/shauryasingh/.local/share/nvim/site/pack/packer/start/filetype.nvim/plugin/filetype.vim
047.230  000.030  000.030: sourcing /Users/shauryasingh/.local/share/nvim/site/pack/packer/start/plenary.nvim/plugin/plenary.vim
047.442  000.014  000.014: sourcing /Users/shauryasingh/.local/share/nvim/site/pack/packer/start/searchbox.nvim/plugin/searchbox.vim
047.778  001.380: loading packages
048.865  001.087: loading after plugins
048.872  000.007: inits 3
050.593  001.721: reading ShaDa
051.569  000.976: opening buffers
051.846  000.277: BufEnter autocommands
051.847  000.001: editing files in windows
055.543  003.696: VimEnter autocommands
055.544  000.001: UIEnter autocommands
055.774  000.111  000.111: sourcing /nix/store/gw49bgk9rzh363mfpd1rb08szr70yasq-neovim-unwrapped-master/share/nvim/runtime/autoload/provider/clipboard.vim
055.778  000.122: before starting main loop
058.005  002.227: first screen update
058.006  000.001: --- NVIM STARTED ---
